This file contains any messages produced by compilers while
running configure, to aid debugging if configure makes a mistake.

It was created by echam configure 5.3.02, which was
generated by GNU Autoconf 2.59.  Invocation command line was

  $ ./configure 

## --------- ##
## Platform. ##
## --------- ##

hostname = koeppen
uname -m = i686
uname -r = 2.6.22.19-0.4-default
uname -s = Linux
uname -v = #1 SMP 2009-08-14 02:09:16 +0200

/usr/bin/uname -p = unknown
/bin/uname -X     = unknown

/bin/arch              = i686
/usr/bin/arch -k       = unknown
/usr/convex/getsysinfo = unknown
hostinfo               = unknown
/bin/machine           = unknown
/usr/bin/oslevel       = unknown
/bin/universe          = unknown

PATH: /opt/kde3/bin
PATH: /home/stenkea/bin
PATH: /usr/local/bin
PATH: /usr/bin
PATH: /bin
PATH: /usr/games
PATH: /usr/X11R6/bin
PATH: /usr/bin/X11
PATH: /usr/lib/mit/bin
PATH: /usr/lib/mit/sbin
PATH: /usr/lib/qt3/bin
PATH: /usr/local/bin
PATH: /home/stenkea/bin
PATH: /home/stenkea/tmp/f90tohtml
PATH: .
PATH: /usr/local/ferret/bin


## ----------- ##
## Core tests. ##
## ----------- ##

configure:1349: checking build system type
configure:1367: result: i686-pc-linux-gnu
configure:1375: checking host system type
configure:1389: result: i686-pc-linux-gnu
configure:1397: checking target system type
configure:1411: result: i686-pc-linux-gnu
configure:1474: checking for machine dependent configuration
configure:1525: result: config/mh-linux
configure:1538: checking for f95
configure:1564: result: lf95
configure:1615: checking for ranlib
configure:1631: found /usr/bin/ranlib
configure:1642: result: ranlib
configure:1657: checking for perl
configure:1677: found /usr/bin/perl
configure:1690: result: /usr/bin/perl
configure:1699: checking for gmake
configure:1719: found /usr/bin/gmake
configure:1732: result: /usr/bin/gmake
configure:1791: checking for gcc
configure:1817: result: gcc
configure:2061: checking for C compiler version
configure:2064: gcc --version </dev/null >&5
gcc (GCC) 4.2.1 (SUSE Linux)
Copyright (C) 2007 Free Software Foundation, Inc.
This is free software; see the source for copying conditions.  There is NO
warranty; not even for MERCHANTABILITY or FITNESS FOR A PARTICULAR PURPOSE.

configure:2067: $? = 0
configure:2069: gcc -v </dev/null >&5
Using built-in specs.
Target: i586-suse-linux
Configured with: ../configure --enable-threads=posix --prefix=/usr --with-local-prefix=/usr/local --infodir=/usr/share/info --mandir=/usr/share/man --libdir=/usr/lib --libexecdir=/usr/lib --enable-languages=c,c++,objc,fortran,obj-c++,java,ada --enable-checking=release --with-gxx-include-dir=/usr/include/c++/4.2.1 --enable-ssp --disable-libssp --disable-libgcj --with-slibdir=/lib --with-system-zlib --enable-shared --enable-__cxa_atexit --enable-libstdcxx-allocator=new --disable-libstdcxx-pch --program-suffix=-4.2 --enable-version-specific-runtime-libs --without-system-libunwind --with-cpu=generic --host=i586-suse-linux
Thread model: posix
gcc version 4.2.1 (SUSE Linux)
configure:2072: $? = 0
configure:2074: gcc -V </dev/null >&5
gcc: '-V' option must have argument
configure:2077: $? = 1
configure:2100: checking for C compiler default output file name
configure:2103: gcc -O -DNAGf90Fortran   conftest.c  >&5
configure:2106: $? = 0
configure:2152: result: a.out
configure:2157: checking whether the C compiler works
configure:2163: ./a.out
configure:2166: $? = 0
configure:2183: result: yes
configure:2190: checking whether we are cross compiling
configure:2192: result: no
configure:2195: checking for suffix of executables
configure:2197: gcc -o conftest -O -DNAGf90Fortran   conftest.c  >&5
configure:2200: $? = 0
configure:2225: result: 
configure:2231: checking for suffix of object files
configure:2252: gcc -c -O -DNAGf90Fortran  conftest.c >&5
configure:2255: $? = 0
configure:2277: result: o
configure:2281: checking whether we are using the GNU C compiler
configure:2305: gcc -c -O -DNAGf90Fortran  conftest.c >&5
configure:2311: $? = 0
configure:2314: test -z 			 || test ! -s conftest.err
configure:2317: $? = 0
configure:2320: test -s conftest.o
configure:2323: $? = 0
configure:2336: result: yes
configure:2342: checking whether gcc accepts -g
configure:2363: gcc -c -g  conftest.c >&5
configure:2369: $? = 0
configure:2372: test -z 			 || test ! -s conftest.err
configure:2375: $? = 0
configure:2378: test -s conftest.o
configure:2381: $? = 0
configure:2392: result: yes
configure:2409: checking for gcc option to accept ANSI C
configure:2479: gcc  -c -O -DNAGf90Fortran  conftest.c >&5
configure:2485: $? = 0
configure:2488: test -z 			 || test ! -s conftest.err
configure:2491: $? = 0
configure:2494: test -s conftest.o
configure:2497: $? = 0
configure:2515: result: none needed
configure:2533: gcc -c -O -DNAGf90Fortran  conftest.c >&5
conftest.c:2: error: expected '=', ',', ';', 'asm' or '__attribute__' before 'me'
configure:2539: $? = 1
configure: failed program was:
| #ifndef __cplusplus
|   choke me
| #endif
configure:2676: checking for /usr/local/lib/netcdf/include/netcdf.inc
configure:2691: result: yes
configure:2782: checking how to run the C preprocessor
configure:2817: gcc -E  conftest.c
configure:2823: $? = 0
configure:2855: gcc -E  conftest.c
conftest.c:9:28: error: ac_nonexistent.h: No such file or directory
configure:2861: $? = 1
configure: failed program was:
| /* confdefs.h.  */
| 
| #define PACKAGE_NAME "echam5"
| #define PACKAGE_TARNAME "echam-5.3.02"
| #define PACKAGE_VERSION "5.3.02"
| #define PACKAGE_STRING "echam 5.3.02"
| #define PACKAGE_BUGREPORT "schulzweida@dkrz.de"
| /* end confdefs.h.  */
| #include <ac_nonexistent.h>
configure:2900: result: gcc -E
configure:2924: gcc -E  conftest.c
configure:2930: $? = 0
configure:2962: gcc -E  conftest.c
conftest.c:9:28: error: ac_nonexistent.h: No such file or directory
configure:2968: $? = 1
configure: failed program was:
| /* confdefs.h.  */
| 
| #define PACKAGE_NAME "echam5"
| #define PACKAGE_TARNAME "echam-5.3.02"
| #define PACKAGE_VERSION "5.3.02"
| #define PACKAGE_STRING "echam 5.3.02"
| #define PACKAGE_BUGREPORT "schulzweida@dkrz.de"
| /* end confdefs.h.  */
| #include <ac_nonexistent.h>
configure:3012: checking for egrep
configure:3022: result: grep -E
configure:3027: checking for ANSI C header files
configure:3052: gcc -c -O -DNAGf90Fortran  conftest.c >&5
configure:3058: $? = 0
configure:3061: test -z 			 || test ! -s conftest.err
configure:3064: $? = 0
configure:3067: test -s conftest.o
configure:3070: $? = 0
configure:3159: gcc -o conftest -O -DNAGf90Fortran   conftest.c  >&5
conftest.c: In function 'main':
conftest.c:26: warning: incompatible implicit declaration of built-in function 'exit'
configure:3162: $? = 0
configure:3164: ./conftest
configure:3167: $? = 0
configure:3182: result: yes
configure:3206: checking for sys/types.h
configure:3222: gcc -c -O -DNAGf90Fortran  conftest.c >&5
configure:3228: $? = 0
configure:3231: test -z 			 || test ! -s conftest.err
configure:3234: $? = 0
configure:3237: test -s conftest.o
configure:3240: $? = 0
configure:3251: result: yes
configure:3206: checking for sys/stat.h
configure:3222: gcc -c -O -DNAGf90Fortran  conftest.c >&5
configure:3228: $? = 0
configure:3231: test -z 			 || test ! -s conftest.err
configure:3234: $? = 0
configure:3237: test -s conftest.o
configure:3240: $? = 0
configure:3251: result: yes
configure:3206: checking for stdlib.h
configure:3222: gcc -c -O -DNAGf90Fortran  conftest.c >&5
configure:3228: $? = 0
configure:3231: test -z 			 || test ! -s conftest.err
configure:3234: $? = 0
configure:3237: test -s conftest.o
configure:3240: $? = 0
configure:3251: result: yes
configure:3206: checking for string.h
configure:3222: gcc -c -O -DNAGf90Fortran  conftest.c >&5
configure:3228: $? = 0
configure:3231: test -z 			 || test ! -s conftest.err
configure:3234: $? = 0
configure:3237: test -s conftest.o
configure:3240: $? = 0
configure:3251: result: yes
configure:3206: checking for memory.h
configure:3222: gcc -c -O -DNAGf90Fortran  conftest.c >&5
configure:3228: $? = 0
configure:3231: test -z 			 || test ! -s conftest.err
configure:3234: $? = 0
configure:3237: test -s conftest.o
configure:3240: $? = 0
configure:3251: result: yes
configure:3206: checking for strings.h
configure:3222: gcc -c -O -DNAGf90Fortran  conftest.c >&5
configure:3228: $? = 0
configure:3231: test -z 			 || test ! -s conftest.err
configure:3234: $? = 0
configure:3237: test -s conftest.o
configure:3240: $? = 0
configure:3251: result: yes
configure:3206: checking for inttypes.h
configure:3222: gcc -c -O -DNAGf90Fortran  conftest.c >&5
configure:3228: $? = 0
configure:3231: test -z 			 || test ! -s conftest.err
configure:3234: $? = 0
configure:3237: test -s conftest.o
configure:3240: $? = 0
configure:3251: result: yes
configure:3206: checking for stdint.h
configure:3222: gcc -c -O -DNAGf90Fortran  conftest.c >&5
configure:3228: $? = 0
configure:3231: test -z 			 || test ! -s conftest.err
configure:3234: $? = 0
configure:3237: test -s conftest.o
configure:3240: $? = 0
configure:3251: result: yes
configure:3206: checking for unistd.h
configure:3222: gcc -c -O -DNAGf90Fortran  conftest.c >&5
configure:3228: $? = 0
configure:3231: test -z 			 || test ! -s conftest.err
configure:3234: $? = 0
configure:3237: test -s conftest.o
configure:3240: $? = 0
configure:3251: result: yes
configure:3287: checking fcntl.h usability
configure:3299: gcc -c -O -DNAGf90Fortran  conftest.c >&5
configure:3305: $? = 0
configure:3308: test -z 			 || test ! -s conftest.err
configure:3311: $? = 0
configure:3314: test -s conftest.o
configure:3317: $? = 0
configure:3327: result: yes
configure:3331: checking fcntl.h presence
configure:3341: gcc -E  conftest.c
configure:3347: $? = 0
configure:3367: result: yes
configure:3402: checking for fcntl.h
configure:3409: result: yes
configure:3287: checking fortran.h usability
configure:3299: gcc -c -O -DNAGf90Fortran  conftest.c >&5
conftest.c:54:21: error: fortran.h: No such file or directory
configure:3305: $? = 1
configure: failed program was:
| /* confdefs.h.  */
| 
| #define PACKAGE_NAME "echam5"
| #define PACKAGE_TARNAME "echam-5.3.02"
| #define PACKAGE_VERSION "5.3.02"
| #define PACKAGE_STRING "echam 5.3.02"
| #define PACKAGE_BUGREPORT "schulzweida@dkrz.de"
| #define STDC_HEADERS 1
| #define HAVE_SYS_TYPES_H 1
| #define HAVE_SYS_STAT_H 1
| #define HAVE_STDLIB_H 1
| #define HAVE_STRING_H 1
| #define HAVE_MEMORY_H 1
| #define HAVE_STRINGS_H 1
| #define HAVE_INTTYPES_H 1
| #define HAVE_STDINT_H 1
| #define HAVE_UNISTD_H 1
| #define HAVE_FCNTL_H 1
| /* end confdefs.h.  */
| #include <stdio.h>
| #if HAVE_SYS_TYPES_H
| # include <sys/types.h>
| #endif
| #if HAVE_SYS_STAT_H
| # include <sys/stat.h>
| #endif
| #if STDC_HEADERS
| # include <stdlib.h>
| # include <stddef.h>
| #else
| # if HAVE_STDLIB_H
| #  include <stdlib.h>
| # endif
| #endif
| #if HAVE_STRING_H
| # if !STDC_HEADERS && HAVE_MEMORY_H
| #  include <memory.h>
| # endif
| # include <string.h>
| #endif
| #if HAVE_STRINGS_H
| # include <strings.h>
| #endif
| #if HAVE_INTTYPES_H
| # include <inttypes.h>
| #else
| # if HAVE_STDINT_H
| #  include <stdint.h>
| # endif
| #endif
| #if HAVE_UNISTD_H
| # include <unistd.h>
| #endif
| #include <fortran.h>
configure:3327: result: no
configure:3331: checking fortran.h presence
configure:3341: gcc -E  conftest.c
conftest.c:20:21: error: fortran.h: No such file or directory
configure:3347: $? = 1
configure: failed program was:
| /* confdefs.h.  */
| 
| #define PACKAGE_NAME "echam5"
| #define PACKAGE_TARNAME "echam-5.3.02"
| #define PACKAGE_VERSION "5.3.02"
| #define PACKAGE_STRING "echam 5.3.02"
| #define PACKAGE_BUGREPORT "schulzweida@dkrz.de"
| #define STDC_HEADERS 1
| #define HAVE_SYS_TYPES_H 1
| #define HAVE_SYS_STAT_H 1
| #define HAVE_STDLIB_H 1
| #define HAVE_STRING_H 1
| #define HAVE_MEMORY_H 1
| #define HAVE_STRINGS_H 1
| #define HAVE_INTTYPES_H 1
| #define HAVE_STDINT_H 1
| #define HAVE_UNISTD_H 1
| #define HAVE_FCNTL_H 1
| /* end confdefs.h.  */
| #include <fortran.h>
configure:3367: result: no
configure:3402: checking for fortran.h
configure:3409: result: no
configure:3287: checking limits.h usability
configure:3299: gcc -c -O -DNAGf90Fortran  conftest.c >&5
configure:3305: $? = 0
configure:3308: test -z 			 || test ! -s conftest.err
configure:3311: $? = 0
configure:3314: test -s conftest.o
configure:3317: $? = 0
configure:3327: result: yes
configure:3331: checking limits.h presence
configure:3341: gcc -E  conftest.c
configure:3347: $? = 0
configure:3367: result: yes
configure:3402: checking for limits.h
configure:3409: result: yes
configure:3287: checking malloc.h usability
configure:3299: gcc -c -O -DNAGf90Fortran  conftest.c >&5
configure:3305: $? = 0
configure:3308: test -z 			 || test ! -s conftest.err
configure:3311: $? = 0
configure:3314: test -s conftest.o
configure:3317: $? = 0
configure:3327: result: yes
configure:3331: checking malloc.h presence
configure:3341: gcc -E  conftest.c
configure:3347: $? = 0
configure:3367: result: yes
configure:3402: checking for malloc.h
configure:3409: result: yes
configure:3287: checking netdb.h usability
configure:3299: gcc -c -O -DNAGf90Fortran  conftest.c >&5
configure:3305: $? = 0
configure:3308: test -z 			 || test ! -s conftest.err
configure:3311: $? = 0
configure:3314: test -s conftest.o
configure:3317: $? = 0
configure:3327: result: yes
configure:3331: checking netdb.h presence
configure:3341: gcc -E  conftest.c
configure:3347: $? = 0
configure:3367: result: yes
configure:3402: checking for netdb.h
configure:3409: result: yes
configure:3287: checking pwd.h usability
configure:3299: gcc -c -O -DNAGf90Fortran  conftest.c >&5
configure:3305: $? = 0
configure:3308: test -z 			 || test ! -s conftest.err
configure:3311: $? = 0
configure:3314: test -s conftest.o
configure:3317: $? = 0
configure:3327: result: yes
configure:3331: checking pwd.h presence
configure:3341: gcc -E  conftest.c
configure:3347: $? = 0
configure:3367: result: yes
configure:3402: checking for pwd.h
configure:3409: result: yes
configure:3278: checking for unistd.h
configure:3283: result: yes
configure:3287: checking sys/param.h usability
configure:3299: gcc -c -O -DNAGf90Fortran  conftest.c >&5
configure:3305: $? = 0
configure:3308: test -z 			 || test ! -s conftest.err
configure:3311: $? = 0
configure:3314: test -s conftest.o
configure:3317: $? = 0
configure:3327: result: yes
configure:3331: checking sys/param.h presence
configure:3341: gcc -E  conftest.c
configure:3347: $? = 0
configure:3367: result: yes
configure:3402: checking for sys/param.h
configure:3409: result: yes
configure:3287: checking sys/time.h usability
configure:3299: gcc -c -O -DNAGf90Fortran  conftest.c >&5
configure:3305: $? = 0
configure:3308: test -z 			 || test ! -s conftest.err
configure:3311: $? = 0
configure:3314: test -s conftest.o
configure:3317: $? = 0
configure:3327: result: yes
configure:3331: checking sys/time.h presence
configure:3341: gcc -E  conftest.c
configure:3347: $? = 0
configure:3367: result: yes
configure:3402: checking for sys/time.h
configure:3409: result: yes
configure:3287: checking sys/unistd.h usability
configure:3299: gcc -c -O -DNAGf90Fortran  conftest.c >&5
configure:3305: $? = 0
configure:3308: test -z 			 || test ! -s conftest.err
configure:3311: $? = 0
configure:3314: test -s conftest.o
configure:3317: $? = 0
configure:3327: result: yes
configure:3331: checking sys/unistd.h presence
configure:3341: gcc -E  conftest.c
configure:3347: $? = 0
configure:3367: result: yes
configure:3402: checking for sys/unistd.h
configure:3409: result: yes
configure:3287: checking sys/utsname.h usability
configure:3299: gcc -c -O -DNAGf90Fortran  conftest.c >&5
configure:3305: $? = 0
configure:3308: test -z 			 || test ! -s conftest.err
configure:3311: $? = 0
configure:3314: test -s conftest.o
configure:3317: $? = 0
configure:3327: result: yes
configure:3331: checking sys/utsname.h presence
configure:3341: gcc -E  conftest.c
configure:3347: $? = 0
configure:3367: result: yes
configure:3402: checking for sys/utsname.h
configure:3409: result: yes
configure:3423: checking for an ANSI C-conforming const
configure:3490: gcc -c -O -DNAGf90Fortran  conftest.c >&5
configure:3496: $? = 0
configure:3499: test -z 			 || test ! -s conftest.err
configure:3502: $? = 0
configure:3505: test -s conftest.o
configure:3508: $? = 0
configure:3519: result: yes
configure:3529: checking whether time.h and sys/time.h may both be included
configure:3554: gcc -c -O -DNAGf90Fortran  conftest.c >&5
configure:3560: $? = 0
configure:3563: test -z 			 || test ! -s conftest.err
configure:3566: $? = 0
configure:3569: test -s conftest.o
configure:3572: $? = 0
configure:3583: result: yes
configure:3602: checking for getrusage
configure:3659: gcc -o conftest -O -DNAGf90Fortran   conftest.c  >&5
configure:3665: $? = 0
configure:3668: test -z 			 || test ! -s conftest.err
configure:3671: $? = 0
configure:3674: test -s conftest
configure:3677: $? = 0
configure:3689: result: yes
configure:3602: checking for gettimeofday
configure:3659: gcc -o conftest -O -DNAGf90Fortran   conftest.c  >&5
configure:3665: $? = 0
configure:3668: test -z 			 || test ! -s conftest.err
configure:3671: $? = 0
configure:3674: test -s conftest
configure:3677: $? = 0
configure:3689: result: yes
configure:3602: checking for sysconf
configure:3659: gcc -o conftest -O -DNAGf90Fortran   conftest.c  >&5
configure:3665: $? = 0
configure:3668: test -z 			 || test ! -s conftest.err
configure:3671: $? = 0
configure:3674: test -s conftest
configure:3677: $? = 0
configure:3689: result: yes
configure:3602: checking for uname
configure:3659: gcc -o conftest -O -DNAGf90Fortran   conftest.c  >&5
configure:3665: $? = 0
configure:3668: test -z 			 || test ! -s conftest.err
configure:3671: $? = 0
configure:3674: test -s conftest
configure:3677: $? = 0
configure:3689: result: yes
configure:3602: checking for valloc
configure:3659: gcc -o conftest -O -DNAGf90Fortran   conftest.c  >&5
configure:3665: $? = 0
configure:3668: test -z 			 || test ! -s conftest.err
configure:3671: $? = 0
configure:3674: test -s conftest
configure:3677: $? = 0
configure:3689: result: yes
configure:3701: checking whether byte ordering is bigendian
configure:3728: gcc -c -O -DNAGf90Fortran  conftest.c >&5
configure:3734: $? = 0
configure:3737: test -z 			 || test ! -s conftest.err
configure:3740: $? = 0
configure:3743: test -s conftest.o
configure:3746: $? = 0
configure:3770: gcc -c -O -DNAGf90Fortran  conftest.c >&5
conftest.c: In function 'main':
conftest.c:42: error: 'not' undeclared (first use in this function)
conftest.c:42: error: (Each undeclared identifier is reported only once
conftest.c:42: error: for each function it appears in.)
conftest.c:42: error: expected ';' before 'big'
configure:3776: $? = 1
configure: failed program was:
| /* confdefs.h.  */
| 
| #define PACKAGE_NAME "echam5"
| #define PACKAGE_TARNAME "echam-5.3.02"
| #define PACKAGE_VERSION "5.3.02"
| #define PACKAGE_STRING "echam 5.3.02"
| #define PACKAGE_BUGREPORT "schulzweida@dkrz.de"
| #define STDC_HEADERS 1
| #define HAVE_SYS_TYPES_H 1
| #define HAVE_SYS_STAT_H 1
| #define HAVE_STDLIB_H 1
| #define HAVE_STRING_H 1
| #define HAVE_MEMORY_H 1
| #define HAVE_STRINGS_H 1
| #define HAVE_INTTYPES_H 1
| #define HAVE_STDINT_H 1
| #define HAVE_UNISTD_H 1
| #define HAVE_FCNTL_H 1
| #define HAVE_LIMITS_H 1
| #define HAVE_MALLOC_H 1
| #define HAVE_NETDB_H 1
| #define HAVE_PWD_H 1
| #define HAVE_UNISTD_H 1
| #define HAVE_SYS_PARAM_H 1
| #define HAVE_SYS_TIME_H 1
| #define HAVE_SYS_UNISTD_H 1
| #define HAVE_SYS_UTSNAME_H 1
| #define TIME_WITH_SYS_TIME 1
| #define HAVE_GETRUSAGE 1
| #define HAVE_GETTIMEOFDAY 1
| #define HAVE_SYSCONF 1
| #define HAVE_UNAME 1
| #define HAVE_VALLOC 1
| /* end confdefs.h.  */
| #include <sys/types.h>
| #include <sys/param.h>
| 
| int
| main ()
| {
| #if BYTE_ORDER != BIG_ENDIAN
|  not big endian
| #endif
| 
|   ;
|   return 0;
| }
configure:3909: result: no
configure:3930: checking for char
configure:3954: gcc -c -O -DNAGf90Fortran  conftest.c >&5
configure:3960: $? = 0
configure:3963: test -z 			 || test ! -s conftest.err
configure:3966: $? = 0
configure:3969: test -s conftest.o
configure:3972: $? = 0
configure:3983: result: yes
configure:3986: checking size of char
configure:4298: gcc -o conftest -O -DNAGf90Fortran   conftest.c  >&5
configure:4301: $? = 0
configure:4303: ./conftest
configure:4306: $? = 0
configure:4329: result: 1
configure:4336: checking for short
configure:4360: gcc -c -O -DNAGf90Fortran  conftest.c >&5
configure:4366: $? = 0
configure:4369: test -z 			 || test ! -s conftest.err
configure:4372: $? = 0
configure:4375: test -s conftest.o
configure:4378: $? = 0
configure:4389: result: yes
configure:4392: checking size of short
configure:4704: gcc -o conftest -O -DNAGf90Fortran   conftest.c  >&5
configure:4707: $? = 0
configure:4709: ./conftest
configure:4712: $? = 0
configure:4735: result: 2
configure:4742: checking for int
configure:4766: gcc -c -O -DNAGf90Fortran  conftest.c >&5
configure:4772: $? = 0
configure:4775: test -z 			 || test ! -s conftest.err
configure:4778: $? = 0
configure:4781: test -s conftest.o
configure:4784: $? = 0
configure:4795: result: yes
configure:4798: checking size of int
configure:5110: gcc -o conftest -O -DNAGf90Fortran   conftest.c  >&5
configure:5113: $? = 0
configure:5115: ./conftest
configure:5118: $? = 0
configure:5141: result: 4
configure:5148: checking for long
configure:5172: gcc -c -O -DNAGf90Fortran  conftest.c >&5
configure:5178: $? = 0
configure:5181: test -z 			 || test ! -s conftest.err
configure:5184: $? = 0
configure:5187: test -s conftest.o
configure:5190: $? = 0
configure:5201: result: yes
configure:5204: checking size of long
configure:5516: gcc -o conftest -O -DNAGf90Fortran   conftest.c  >&5
configure:5519: $? = 0
configure:5521: ./conftest
configure:5524: $? = 0
configure:5547: result: 4
configure:5554: checking for long long
configure:5578: gcc -c -O -DNAGf90Fortran  conftest.c >&5
configure:5584: $? = 0
configure:5587: test -z 			 || test ! -s conftest.err
configure:5590: $? = 0
configure:5593: test -s conftest.o
configure:5596: $? = 0
configure:5607: result: yes
configure:5610: checking size of long long
configure:5922: gcc -o conftest -O -DNAGf90Fortran   conftest.c  >&5
configure:5925: $? = 0
configure:5927: ./conftest
configure:5930: $? = 0
configure:5953: result: 8
configure:5960: checking for float
configure:5984: gcc -c -O -DNAGf90Fortran  conftest.c >&5
configure:5990: $? = 0
configure:5993: test -z 			 || test ! -s conftest.err
configure:5996: $? = 0
configure:5999: test -s conftest.o
configure:6002: $? = 0
configure:6013: result: yes
configure:6016: checking size of float
configure:6328: gcc -o conftest -O -DNAGf90Fortran   conftest.c  >&5
configure:6331: $? = 0
configure:6333: ./conftest
configure:6336: $? = 0
configure:6359: result: 4
configure:6366: checking for double
configure:6390: gcc -c -O -DNAGf90Fortran  conftest.c >&5
configure:6396: $? = 0
configure:6399: test -z 			 || test ! -s conftest.err
configure:6402: $? = 0
configure:6405: test -s conftest.o
configure:6408: $? = 0
configure:6419: result: yes
configure:6422: checking size of double
configure:6734: gcc -o conftest -O -DNAGf90Fortran   conftest.c  >&5
configure:6737: $? = 0
configure:6739: ./conftest
configure:6742: $? = 0
configure:6765: result: 8
configure:6772: checking for long double
configure:6796: gcc -c -O -DNAGf90Fortran  conftest.c >&5
configure:6802: $? = 0
configure:6805: test -z 			 || test ! -s conftest.err
configure:6808: $? = 0
configure:6811: test -s conftest.o
configure:6814: $? = 0
configure:6825: result: yes
configure:6828: checking size of long double
configure:7140: gcc -o conftest -O -DNAGf90Fortran   conftest.c  >&5
configure:7143: $? = 0
configure:7145: ./conftest
configure:7148: $? = 0
configure:7171: result: 12
configure:7178: checking for int *
configure:7202: gcc -c -O -DNAGf90Fortran  conftest.c >&5
configure:7208: $? = 0
configure:7211: test -z 			 || test ! -s conftest.err
configure:7214: $? = 0
configure:7217: test -s conftest.o
configure:7220: $? = 0
configure:7231: result: yes
configure:7234: checking size of int *
configure:7546: gcc -o conftest -O -DNAGf90Fortran   conftest.c  >&5
configure:7549: $? = 0
configure:7551: ./conftest
configure:7554: $? = 0
configure:7577: result: 4
configure:7597: checking for integer*1
configure:7607: result: no
configure:7617: checking for integer*2
configure:7627: result: no
configure:7637: checking for integer*4
configure:7647: result: no
configure:7657: checking for integer*8
configure:7667: result: no
configure:7677: checking for integer*16
configure:7687: result: no
configure:7697: checking for real*4
configure:7707: result: no
configure:7717: checking for real*8
configure:7727: result: no
configure:7737: checking for real*16
configure:7747: result: no
configure:7757: checking for double complex
configure:7767: result: no
configure:7777: checking for complex*8
configure:7787: result: no
configure:7797: checking for complex*16
configure:7807: result: no
configure:7817: checking for complex*32
configure:7827: result: no
configure:7841: checking for size of Fortran INTEGER
configure:7866: result: unavailable
configure:7882: checking for size of Fortran REAL
configure:7912: result: unavailable
configure:7945: checking for Fortran INTEGER*1
configure:7964: result: not supported
configure:7945: checking for Fortran INTEGER*2
configure:7964: result: not supported
configure:7945: checking for Fortran INTEGER*4
configure:7964: result: not supported
configure:7945: checking for Fortran INTEGER*8
configure:7964: result: not supported
configure:7945: checking for Fortran INTEGER*16
configure:7964: result: not supported
configure:7974: checking for Fortran REAL*4 and COMPLEX*8
configure:8004: result: not supported
configure:7974: checking for Fortran REAL*8 and COMPLEX*16
configure:8004: result: not supported
configure:7974: checking for Fortran REAL*16 and COMPLEX*32
configure:8004: result: not supported
configure:8009: checking for Fortran INTEGER
configure:8027: result: not supported
configure:8031: checking for Fortran REAL
configure:8049: result: not supported
configure:8322: creating ./config.status

## ---------------------- ##
## Running config.status. ##
## ---------------------- ##

This file was extended by echam config.status 5.3.02, which was
generated by GNU Autoconf 2.59.  Invocation command line was

  CONFIG_FILES    = 
  CONFIG_HEADERS  = 
  CONFIG_LINKS    = 
  CONFIG_COMMANDS = 
  $ ./config.status 

on koeppen

config.status:712: creating Makefile
config.status:777: creating config/config.h
config.status:979: config/config.h is unchanged
configure:9468: creating ./config.status

## ---------------------- ##
## Running config.status. ##
## ---------------------- ##

This file was extended by echam config.status 5.3.02, which was
generated by GNU Autoconf 2.59.  Invocation command line was

  CONFIG_FILES    = 
  CONFIG_HEADERS  = 
  CONFIG_LINKS    = 
  CONFIG_COMMANDS = 
  $ ./config.status 

on koeppen

config.status:713: creating Makefile
config.status:713: creating util/f2html.pl
config.status:713: creating util/F2f.pl
config.status:713: creating util/f2F.pl
config.status:713: creating util/createMakefiles.pl
config.status:778: creating config/config.h
config.status:980: config/config.h is unchanged

## ---------------- ##
## Cache variables. ##
## ---------------- ##

ac_cv_build=i686-pc-linux-gnu
ac_cv_build_alias=i686-pc-linux-gnu
ac_cv_c_bigendian=no
ac_cv_c_compiler_gnu=yes
ac_cv_c_const=yes
ac_cv_env_CC_set=
ac_cv_env_CC_value=
ac_cv_env_CFLAGS_set=
ac_cv_env_CFLAGS_value=
ac_cv_env_CPPFLAGS_set=
ac_cv_env_CPPFLAGS_value=
ac_cv_env_CPP_set=
ac_cv_env_CPP_value=
ac_cv_env_LDFLAGS_set=
ac_cv_env_LDFLAGS_value=
ac_cv_env_build_alias_set=
ac_cv_env_build_alias_value=
ac_cv_env_host_alias_set=
ac_cv_env_host_alias_value=
ac_cv_env_target_alias_set=
ac_cv_env_target_alias_value=
ac_cv_exeext=
ac_cv_file__usr_local_lib_netcdf_include_netcdf_inc=yes
ac_cv_func_getrusage=yes
ac_cv_func_gettimeofday=yes
ac_cv_func_sysconf=yes
ac_cv_func_uname=yes
ac_cv_func_valloc=yes
ac_cv_header_fcntl_h=yes
ac_cv_header_fortran_h=no
ac_cv_header_inttypes_h=yes
ac_cv_header_limits_h=yes
ac_cv_header_malloc_h=yes
ac_cv_header_memory_h=yes
ac_cv_header_netdb_h=yes
ac_cv_header_pwd_h=yes
ac_cv_header_stdc=yes
ac_cv_header_stdint_h=yes
ac_cv_header_stdlib_h=yes
ac_cv_header_string_h=yes
ac_cv_header_strings_h=yes
ac_cv_header_sys_param_h=yes
ac_cv_header_sys_stat_h=yes
ac_cv_header_sys_time_h=yes
ac_cv_header_sys_types_h=yes
ac_cv_header_sys_unistd_h=yes
ac_cv_header_sys_utsname_h=yes
ac_cv_header_time=yes
ac_cv_header_unistd_h=yes
ac_cv_host=i686-pc-linux-gnu
ac_cv_host_alias=i686-pc-linux-gnu
ac_cv_objext=o
ac_cv_path_GMAKE=/usr/bin/gmake
ac_cv_path_PERL=/usr/bin/perl
ac_cv_prog_CPP='gcc -E'
ac_cv_prog_F90=lf95
ac_cv_prog_ac_ct_CC=gcc
ac_cv_prog_ac_ct_RANLIB=ranlib
ac_cv_prog_cc_g=yes
ac_cv_prog_cc_stdc=
ac_cv_prog_egrep='grep -E'
ac_cv_sizeof_char=1
ac_cv_sizeof_double=8
ac_cv_sizeof_float=4
ac_cv_sizeof_int=4
ac_cv_sizeof_int_p=4
ac_cv_sizeof_long=4
ac_cv_sizeof_long_double=12
ac_cv_sizeof_long_long=8
ac_cv_sizeof_short=2
ac_cv_target=i686-pc-linux-gnu
ac_cv_target_alias=i686-pc-linux-gnu
ac_cv_type_char=yes
ac_cv_type_double=yes
ac_cv_type_float=yes
ac_cv_type_int=yes
ac_cv_type_int_p=yes
ac_cv_type_long=yes
ac_cv_type_long_double=yes
ac_cv_type_long_long=yes
ac_cv_type_short=yes

## ----------------- ##
## Output variables. ##
## ----------------- ##

AR='ar'
ARCH='LINUX'
ARFLAGS='crv'
AS='as'
CC='gcc'
CFLAGS='-O -DNAGf90Fortran'
CPP='gcc -E'
CPPFLAGS=''
DEFS='-DHAVE_CONFIG_H'
ECHO_C=''
ECHO_N='-n'
ECHO_T=''
EGREP='grep -E'
EXEEXT=''
F90='lf95'
F90FLAGS='-Cpp -DLF'
FFLAGS='-O '
GMAKE='/usr/bin/gmake'
LDFLAGS='-Cpp -DLF'
LIBOBJS=''
LIBS='-L../lib -lsupport -llapackmt -lblasmt'
LTLIBOBJS=''
MODOPT='-I'
MPI='-DNOMPI'
MPIROOT=''
MPI_INCLUDE=''
MPI_LIB=''
NETCDFROOT='/usr/local/lib/netcdf'
NETCDF_INCLUDE='-I$(NETCDFROOT)/include'
NETCDF_LIB='-L$(NETCDFROOT)/lib -lnetcdf'
OBJEXT='o'
PACKAGE_BUGREPORT='schulzweida@dkrz.de'
PACKAGE_NAME='echam5'
PACKAGE_STRING='echam 5.3.02'
PACKAGE_TARNAME='echam-5.3.02'
PACKAGE_VERSION='5.3.02'
PATH_SEPARATOR=':'
PERL='/usr/bin/perl'
RANLIB='ranlib'
SHELL='/bin/sh'
SRCDIRS=''
ac_ct_CC='gcc'
ac_ct_RANLIB='ranlib'
bindir='${exec_prefix}/bin'
build='i686-pc-linux-gnu'
build_alias=''
build_cpu='i686'
build_os='linux-gnu'
build_vendor='pc'
datadir='${prefix}/share'
exec_prefix='${prefix}'
host='i686-pc-linux-gnu'
host_alias=''
host_cpu='i686'
host_os='linux-gnu'
host_vendor='pc'
includedir='${prefix}/include'
infodir='${prefix}/info'
libdir='${exec_prefix}/lib'
libexecdir='${exec_prefix}/libexec'
localstatedir='${prefix}/var'
mandir='${prefix}/man'
oldincludedir='/usr/include'
prefix='.'
program_transform_name='s,x,x,'
sbindir='${exec_prefix}/sbin'
sharedstatedir='${prefix}/com'
sysconfdir='${prefix}/etc'
target='i686-pc-linux-gnu'
target_alias=''
target_cpu='i686'
target_os='linux-gnu'
target_vendor='pc'

## ----------- ##
## confdefs.h. ##
## ----------- ##

#define  1
#define FORT_COMPLEX16 0
#define FORT_COMPLEX32 0
#define FORT_COMPLEX8 0
#define FORT_INT 0
#define FORT_INT1 0
#define FORT_INT16 0
#define FORT_INT2 0
#define FORT_INT4 0
#define FORT_INT8 0
#define FORT_INTEGER_LEN 
#define FORT_REAL 0
#define FORT_REAL16 0
#define FORT_REAL4 0
#define FORT_REAL8 0
#define FORT_REAL_LEN 
#define HAVE_FCNTL_H 1
#define HAVE_GETRUSAGE 1
#define HAVE_GETTIMEOFDAY 1
#define HAVE_INTTYPES_H 1
#define HAVE_LIMITS_H 1
#define HAVE_MALLOC_H 1
#define HAVE_MEMORY_H 1
#define HAVE_NETDB_H 1
#define HAVE_PWD_H 1
#define HAVE_STDINT_H 1
#define HAVE_STDLIB_H 1
#define HAVE_STRINGS_H 1
#define HAVE_STRING_H 1
#define HAVE_SYSCONF 1
#define HAVE_SYS_PARAM_H 1
#define HAVE_SYS_STAT_H 1
#define HAVE_SYS_TIME_H 1
#define HAVE_SYS_TYPES_H 1
#define HAVE_SYS_UNISTD_H 1
#define HAVE_SYS_UTSNAME_H 1
#define HAVE_UNAME 1
#define HAVE_UNISTD_H 1
#define HAVE_UNISTD_H 1
#define HAVE_VALLOC 1
#define PACKAGE_BUGREPORT "schulzweida@dkrz.de"
#define PACKAGE_NAME "echam5"
#define PACKAGE_STRING "echam 5.3.02"
#define PACKAGE_TARNAME "echam-5.3.02"
#define PACKAGE_VERSION "5.3.02"
#define SIZEOF_CHAR 1
#define SIZEOF_DOUBLE 8
#define SIZEOF_FLOAT 4
#define SIZEOF_INT 4
#define SIZEOF_INT_P 4
#define SIZEOF_LONG 4
#define SIZEOF_LONG_DOUBLE 12
#define SIZEOF_LONG_LONG 8
#define SIZEOF_SHORT 2
#define STDC_HEADERS 1
#define TIME_WITH_SYS_TIME 1

configure: exit 0
